<?xml version="1.0" encoding="UTF-8"?>
<!-- Generated by org.testng.reporters.JUnitReportReporter -->
<testsuite name="com.mercury.tours.Mobile_Browser_View_Flight_Login" tests="1" time="4.250" ignored="0" failures="0" timestamp="23 Jan 2021 11:36:31 GMT" skipped="0" hostname="HIBACL131408" errors="0">
  <testcase name="SignOn" time="4.250" classname="com.mercury.tours.Mobile_Browser_View_Flight_Login"/>
</testsuite> <!-- com.mercury.tours.Mobile_Browser_View_Flight_Login -->
