<?xml version="1.0" encoding="UTF-8"?>
<!-- Generated by org.testng.reporters.JUnitReportReporter -->
<testsuite name="com.mercury.tours.Mobile_Browser_View_Flight_Login" tests="1" time="4.033" ignored="0" failures="0" timestamp="11 Jun 2021 08:56:49 GMT" skipped="0" hostname="HIBACL131408" errors="0">
  <testcase name="SignOn" time="4.033" classname="com.mercury.tours.Mobile_Browser_View_Flight_Login"/>
</testsuite> <!-- com.mercury.tours.Mobile_Browser_View_Flight_Login -->
