<?xml version="1.0" encoding="UTF-8"?>
<!-- Generated by org.testng.reporters.JUnitReportReporter -->
<testsuite name="com.mercury.tours.OrangeHRM_Login_TestNG" tests="1" time="15.687" ignored="0" failures="0" timestamp="19 Dec 2020 14:36:37 GMT" skipped="0" hostname="HIBACL131408" errors="0">
  <testcase name="Login" time="15.687" classname="com.mercury.tours.OrangeHRM_Login_TestNG"/>
</testsuite> <!-- com.mercury.tours.OrangeHRM_Login_TestNG -->
