<?xml version="1.0" encoding="UTF-8"?>
<!-- Generated by org.testng.reporters.JUnitReportReporter -->
<testsuite name="com.mercury.tours.ReadDataFromExcel" tests="3" time="58.696" ignored="0" failures="0" timestamp="26 Dec 2019 03:55:28 GMT" skipped="0" hostname="HIBACL131408" errors="0">
  <testcase name="LoginApp" time="18.539" classname="com.mercury.tours.ReadDataFromExcel"/>
  <testcase name="LoginApp" time="22.087" classname="com.mercury.tours.ReadDataFromExcel"/>
  <testcase name="LoginApp" time="18.070" classname="com.mercury.tours.ReadDataFromExcel"/>
</testsuite> <!-- com.mercury.tours.ReadDataFromExcel -->
