<?xml version="1.0" encoding="UTF-8"?>
<!-- Generated by org.testng.reporters.JUnitReportReporter -->
<testsuite name="com.mercury.tours.ReadDataFromExcel_XLSX" tests="3" time="62.939" ignored="0" failures="0" timestamp="26 Dec 2019 04:10:00 GMT" skipped="0" hostname="HIBACL131408" errors="0">
  <testcase name="LoginApp" time="21.888" classname="com.mercury.tours.ReadDataFromExcel_XLSX"/>
  <testcase name="LoginApp" time="21.581" classname="com.mercury.tours.ReadDataFromExcel_XLSX"/>
  <testcase name="LoginApp" time="19.470" classname="com.mercury.tours.ReadDataFromExcel_XLSX"/>
</testsuite> <!-- com.mercury.tours.ReadDataFromExcel_XLSX -->
