<?xml version="1.0" encoding="UTF-8"?>
<!-- Generated by org.testng.reporters.JUnitReportReporter -->
<testsuite name="com.mercury.tours.ReadDataFromExcel_XLS" tests="3" time="68.869" ignored="0" failures="0" timestamp="26 Dec 2019 04:14:54 GMT" skipped="0" hostname="HIBACL131408" errors="0">
  <testcase name="LoginApp" time="21.226" classname="com.mercury.tours.ReadDataFromExcel_XLS"/>
  <testcase name="LoginApp" time="25.692" classname="com.mercury.tours.ReadDataFromExcel_XLS"/>
  <testcase name="LoginApp" time="21.951" classname="com.mercury.tours.ReadDataFromExcel_XLS"/>
</testsuite> <!-- com.mercury.tours.ReadDataFromExcel_XLS -->
