<?xml version="1.0" encoding="UTF-8"?>
<!-- Generated by org.testng.reporters.JUnitReportReporter -->
<testsuite skipped="0" hostname="HIBACL131408" name="com.mercury.tours.OrangeHRM_Login_TestNG" tests="1" failures="0" timestamp="2022-08-02T10:39:27 IST" time="11.262" errors="0">
  <testcase name="Login" time="11.262" classname="com.mercury.tours.OrangeHRM_Login_TestNG"/>
  <system-out/>
</testsuite> <!-- com.mercury.tours.OrangeHRM_Login_TestNG -->
