<?xml version="1.0" encoding="UTF-8"?>
<!-- Generated by org.testng.reporters.JUnitReportReporter -->
<testsuite name="com.mercury.tours.Mobile_Browser_View_Flight_Login" tests="1" time="6.344" ignored="0" failures="0" timestamp="22 Dec 2020 14:06:44 GMT" skipped="0" hostname="HIBACL131408" errors="0">
  <testcase name="SignOn" time="6.344" classname="com.mercury.tours.Mobile_Browser_View_Flight_Login"/>
</testsuite> <!-- com.mercury.tours.Mobile_Browser_View_Flight_Login -->
