<?xml version="1.0" encoding="UTF-8"?>
<!-- Generated by org.testng.reporters.JUnitReportReporter -->
<testsuite name="com.mercury.tours.OrangeHRM_Login_TestNG" tests="1" time="7.657" ignored="0" failures="0" timestamp="23 Jan 2021 11:53:27 GMT" skipped="0" hostname="HIBACL131408" errors="0">
  <testcase name="Login" time="7.657" classname="com.mercury.tours.OrangeHRM_Login_TestNG"/>
</testsuite> <!-- com.mercury.tours.OrangeHRM_Login_TestNG -->
