<?xml version="1.0" encoding="UTF-8"?>
<!-- Generated by org.testng.reporters.JUnitReportReporter -->
<testsuite name="com.mercury.tours.HDFC_Netbanking" tests="1" time="0.579" ignored="0" failures="0" timestamp="23 Dec 2020 05:43:22 GMT" skipped="0" hostname="HIBACL131408" errors="0">
  <testcase name="EnterCustomerID" time="0.579" classname="com.mercury.tours.HDFC_Netbanking"/>
</testsuite> <!-- com.mercury.tours.HDFC_Netbanking -->
