<?xml version="1.0" encoding="UTF-8"?>
<!-- Generated by org.testng.reporters.JUnitReportReporter -->
<testsuite skipped="0" hostname="HIBACL131408" name="com.mercury.tours.OrangeHRM_Login_TestNG" tests="1" failures="0" timestamp="2022-03-28T11:26:24 IST" time="9.859" errors="0">
  <testcase name="Login" time="9.859" classname="com.mercury.tours.OrangeHRM_Login_TestNG"/>
  <system-out/>
</testsuite> <!-- com.mercury.tours.OrangeHRM_Login_TestNG -->
