<?xml version="1.0" encoding="UTF-8"?>
<!-- Generated by org.testng.reporters.JUnitReportReporter -->
<testsuite skipped="0" hostname="HIBACL131408" name="com.mercury.tours.OrangeHRM_Login_TestNG" tests="1" failures="0" timestamp="2021-01-23T17:32:25 IST" time="7.052" errors="0">
  <testcase name="Login" time="7.052" classname="com.mercury.tours.OrangeHRM_Login_TestNG"/>
</testsuite> <!-- com.mercury.tours.OrangeHRM_Login_TestNG -->
