<?xml version="1.0" encoding="UTF-8"?>
<!-- Generated by org.testng.reporters.JUnitReportReporter -->
<testsuite skipped="0" hostname="HIBACL131408" name="com.mercury.tours.Mobile_Browser_View_Flight_Login" tests="1" failures="0" timestamp="2020-12-22T19:39:28 IST" time="6.659" errors="0">
  <testcase name="SignOn" time="6.659" classname="com.mercury.tours.Mobile_Browser_View_Flight_Login"/>
</testsuite> <!-- com.mercury.tours.Mobile_Browser_View_Flight_Login -->
