<?xml version="1.0" encoding="UTF-8"?>
<!-- Generated by org.testng.reporters.JUnitReportReporter -->
<testsuite skipped="0" hostname="HIBACL131408" name="com.mercury.tours.Mobile_Browser_View_Flight_Login" tests="1" failures="0" timestamp="2022-10-19T22:07:24 IST" time="4.985" errors="0">
  <testcase name="SignOn" time="4.985" classname="com.mercury.tours.Mobile_Browser_View_Flight_Login"/>
</testsuite> <!-- com.mercury.tours.Mobile_Browser_View_Flight_Login -->
