<?xml version="1.0" encoding="UTF-8"?>
<!-- Generated by org.testng.reporters.JUnitReportReporter -->
<testsuite skipped="0" hostname="HIBACL131408" name="com.mercury.tours.Weborder_CreateOrder_UdateOrder_VerifyOrder" tests="2" failures="0" timestamp="2022-10-19T22:11:53 IST" time="19.893" errors="0">
  <testcase name="ValidLogin" time="2.224" classname="com.mercury.tours.Weborder_CreateOrder_UdateOrder_VerifyOrder"/>
  <testcase name="CreateOrder" time="17.669" classname="com.mercury.tours.Weborder_CreateOrder_UdateOrder_VerifyOrder"/>
</testsuite> <!-- com.mercury.tours.Weborder_CreateOrder_UdateOrder_VerifyOrder -->
